[3993/7000 43.42%] Fetching | 403 | Error: File is protected | status: 403 | error: 2190
[3994/7000 43.44%] Fetching | 403 | Error: File is protected | status: 403 | error: 2190
[3995/7000 43.46%] Fetching | 403 | Error: File is protected | status: 403 | error: 2190

[4010/7000 0.33%] Fetching | 403 | Error: File is protected | status: 403 | error: 2190
[4011/7000 0.37%] Fetching | 403 | Error: File is protected | status: 403 | error: 2190

[4031/7000 1.03%] Fetching | 403 | Error: File is protected | status: 403 | error: 2190

[4043/7000 1.43%] Fetching | 403 | Error: File is protected | status: 403 | error: 2190

[4056/7000 1.87%] Fetching | 403 | Error: File is protected | status: 403 | error: 2190
[4057/7000 1.90%] Fetching | 403 | Error: File is protected | status: 403 | error: 2190

[4095/7000 3.17%] Fetching | 403 | Error: File is protected | status: 403 | error: 2190

[4129/7000 4.30%] Fetching | 403 | Error: File is protected | status: 403 | error: 2190
[4130/7000 4.33%] Fetching | 403 | Error: File is protected | status: 403 | error: 2190
[4131/7000 4.37%] Fetching | 403 | Error: File is protected | status: 403 | error: 2190

[4215/7000 7.17%] Fetching | 403 | Error: File is protected | status: 403 | error: 2190

[4440/7000 14.67%] Fetching | 403 | Error: File is protected | status: 403 | error: 2190

[4446/7000 14.87%] Fetching | 403 | Error: File is protected | status: 403 | error: 2190

[4453/7000 15.10%] Fetching | 403 | Error: File is protected | status: 403 | error: 2190

[4457/7000 15.23%] Fetching | 403 | Error: File is protected | status: 403 | error: 2190

[4470/7000 15.67%] Fetching | 403 | Error: File is protected | status: 403 | error: 2190
[4471/7000 15.70%] Fetching | 403 | Error: File is protected | status: 403 | error: 2190

[4507/7000 16.90%] Fetching | 403 | Error: File is protected | status: 403 | error: 2190


[4545/7000 18.17%] Fetching | 403 | Error: File is protected | status: 403 | error: 2190
[4546/7000 18.20%] Fetching | 403 | Error: File is protected | status: 403 | error: 2190
[4547/7000 18.23%] Fetching | 403 | Error: File is protected | status: 403 | error: 2190
[4548/7000 18.27%] Fetching | 403 | Error: File is protected | status: 403 | error: 2190
[4549/7000 18.30%] Fetching | 403 | Error: File is protected | status: 403 | error: 2190
[4550/7000 18.33%] Fetching | 403 | Error: File is protected | status: 403 | error: 2190
[4551/7000 18.37%] Fetching | 403 | Error: File is protected | status: 403 | error: 2190
[4552/7000 18.40%] Fetching | 403 | Error: File is protected | status: 403 | error: 2190
[4553/7000 18.43%] Fetching | 403 | Error: File is protected | status: 403 | error: 2190
[4554/7000 18.47%] Fetching | 403 | Error: File is protected | status: 403 | error: 2190
[4555/7000 18.50%] Fetching | 403 | Error: File is protected | status: 403 | error: 2190

[4605/7000 20.17%] Fetching | 403 | Error: File is protected | status: 403 | error: 2190










[4670/7000 0.00%] Fetching | 200 | downloading | scanning | Invalid PDF structure
[4671/7000 0.04%] Fetching | 200 | downloading | scanning | found 2020/2022
[!!!] 4671 FOUND 2020/2022!!!
[4672/7000 0.09%] Fetching | 403 | Error: File is protected | status: 403 | error: 2190
[4673/7000 0.13%] Fetching | 200 | downloading | scanning | Invalid PDF structure
[4674/7000 0.17%] Fetching | 403 | Error: File is protected | status: 403 | error: 2190
[4675/7000 0.21%] Fetching | 200 | downloading | scanning | none
[4676/7000 0.26%] Fetching | 200 | downloading | scanning | found 2020/2022
[!!!] 4676 FOUND 2020/2022!!!
[4677/7000 0.30%] Fetching | 200 | downloading | scanning | found 2020/2022
[!!!] 4677 FOUND 2020/2022!!!
[4678/7000 0.34%] Fetching | 200 | downloading | scanning | found 2020/2022
[!!!] 4678 FOUND 2020/2022!!!
[4679/7000 0.39%] Fetching | 200 | downloading | scanning | test 2019
[4680/7000 0.43%] Fetching | 200 | downloading | scanning | none
[4681/7000 0.47%] Fetching | 200 | downloading | scanning | none
[4682/7000 0.52%] Fetching | 403 | Error: File is protected | status: 403 | error: 2190
[4683/7000 0.56%] Fetching | 200 | downloading | scanning | none
[4684/7000 0.60%] Fetching | 403 | Error: File is protected | status: 403 | error: 2190
[4685/7000 0.64%] Fetching | 200 | downloading | scanning | none
[4686/7000 0.69%] Fetching | 200 | downloading | scanning | none
[4687/7000 0.73%] Fetching | 200 | downloading | scanning | none
[4688/7000 0.77%] Fetching | 200 | downloading | scanning | none
[4689/7000 0.82%] Fetching | 200 | downloading | scanning | Invalid PDF structure
[4690/7000 0.86%] Fetching | 200 | downloading | scanning | Invalid PDF structure
[4691/7000 0.90%] Fetching | 200 | downloading | scanning | test 2020
[4692/7000 0.94%] Fetching | 200 | downloading | scanning | none
[4693/7000 0.99%] Fetching | 200 | downloading | scanning | Invalid PDF structure
[4694/7000 1.03%] Fetching | 200 | downloading | scanning | none
[4695/7000 1.07%] Fetching | 200 | downloading | scanning | none
[4696/7000 1.12%] Fetching | 403 | Error: File is protected | status: 403 | error: 2190
[4697/7000 1.16%] Fetching | 200 | downloading | scanning | none
[4698/7000 1.20%] Fetching | 200 | downloading | scanning | none
[4699/7000 1.24%] Fetching | 200 | downloading | scanning | none
[4700/7000 1.29%] Fetching | 403 | Error: File is protected | status: 403 | error: 2190
[4701/7000 1.33%] Fetching | 200 | downloading | scanning | none
[4702/7000 1.37%] Fetching | 200 | downloading | scanning | none
[4703/7000 1.42%] Fetching | 200 | downloading | scanning | Invalid PDF structure
[4704/7000 1.46%] Fetching | 200 | downloading | scanning | test 2020
[4705/7000 1.50%] Fetching | 200 | downloading | scanning | none
[4706/7000 1.55%] Fetching | 200 | downloading | scanning | none
[4707/7000 1.59%] Fetching | 200 | downloading | scanning | test 2020
[4708/7000 1.63%] Fetching | 200 | downloading | scanning | test 2020
[4709/7000 1.67%] Fetching | 200 | downloading | scanning | none
[4710/7000 1.72%] Fetching | 200 | downloading | scanning | none
[4711/7000 1.76%] Fetching | 200 | downloading | scanning | test 2020
[4712/7000 1.80%] Fetching | 404 | skipping
[4713/7000 1.85%] Fetching | 403 | Error: File is protected | status: 403 | error: 2190
[4714/7000 1.89%] Fetching | 403 | Error: File is protected | status: 403 | error: 2190
[4715/7000 1.93%] Fetching | 200 | downloading | scanning | none
[4716/7000 1.97%] Fetching | 403 | Error: File is protected | status: 403 | error: 2190
[4717/7000 2.02%] Fetching | 200 | downloading | scanning | none
[4718/7000 2.06%] Fetching | 200 | downloading | scanning | none
[4719/7000 2.10%] Fetching | 200 | downloading | scanning | none
[4720/7000 2.15%] Fetching | 200 | downloading | scanning | none
[4721/7000 2.19%] Fetching | 200 | downloading | scanning | test 2020
[4722/7000 2.23%] Fetching | 404 | skipping
[4723/7000 2.27%] Fetching | 200 | downloading | scanning | Invalid PDF structure
[4724/7000 2.32%] Fetching | 404 | skipping
[4725/7000 2.36%] Fetching | 200 | downloading | scanning | none
[4726/7000 2.40%] Fetching | 200 | downloading | scanning | none
[4727/7000 2.45%] Fetching | 200 | downloading | scanning | none
[4728/7000 2.49%] Fetching | 200 | downloading | scanning | none
[4729/7000 2.53%] Fetching | 200 | downloading | scanning | none
[4730/7000 2.58%] Fetching | 404 | skipping
[4731/7000 2.62%] Fetching | 200 | downloading | scanning | none
[4732/7000 2.66%] Fetching | 200 | downloading | scanning | none
[4733/7000 2.70%] Fetching | 200 | downloading | scanning | none
[4734/7000 2.75%] Fetching | 200 | downloading | scanning | Invalid PDF structure
[4735/7000 2.79%] Fetching | 200 | downloading | scanning | none
[4736/7000 2.83%] Fetching | 200 | downloading | scanning | none
[4737/7000 2.88%] Fetching | 200 | downloading | scanning | none
[4738/7000 2.92%] Fetching | 200 | downloading | scanning | none
[4739/7000 2.96%] Fetching | 404 | skipping
[4740/7000 3.00%] Fetching | 200 | downloading | scanning | none
[4741/7000 3.05%] Fetching | 200 | downloading | scanning | none
[4742/7000 3.09%] Fetching | 200 | downloading | scanning | none
[4743/7000 3.13%] Fetching | 200 | downloading | scanning | none
[4744/7000 3.18%] Fetching | 200 | downloading | scanning | none
[4745/7000 3.22%] Fetching | 200 | downloading | scanning | none
[4746/7000 3.26%] Fetching | 200 | downloading | scanning | none
[4747/7000 3.30%] Fetching | 200 | downloading | scanning | none
[4748/7000 3.35%] Fetching | 200 | downloading | scanning | none
[4749/7000 3.39%] Fetching | 200 | downloading | scanning | none
[4750/7000 3.43%] Fetching | 200 | downloading | scanning | none
[4751/7000 3.48%] Fetching | 200 | downloading | scanning | none
[4752/7000 3.52%] Fetching | 200 | downloading | scanning | none
[4753/7000 3.56%] Fetching | 200 | downloading | scanning | none
[4754/7000 3.61%] Fetching | 200 | downloading | scanning | none
[4755/7000 3.65%] Fetching | 200 | downloading | scanning | none
[4756/7000 3.69%] Fetching | 200 | downloading | scanning | none
[4757/7000 3.73%] Fetching | 200 | downloading | scanning | none
[4758/7000 3.78%] Fetching | 200 | downloading | scanning | none
[4759/7000 3.82%] Fetching | 200 | downloading | scanning | none
[4760/7000 3.86%] Fetching | 200 | downloading | scanning | none
[4761/7000 3.91%] Fetching | 200 | downloading | scanning | Invalid PDF structure
[4762/7000 3.95%] Fetching | 200 | downloading | scanning | none
[4763/7000 3.99%] Fetching | 200 | downloading | scanning | none
[4764/7000 4.03%] Fetching | 200 | downloading | scanning | Invalid PDF structure
[4765/7000 4.08%] Fetching | 200 | downloading | scanning | none
[4766/7000 4.12%] Fetching | 200 | downloading | scanning | none
[4767/7000 4.16%] Fetching | 200 | downloading | scanning | Invalid PDF structure
[4768/7000 4.21%] Fetching | 200 | downloading | scanning | none
[4769/7000 4.25%] Fetching | 200 | downloading | scanning | none
[4770/7000 4.29%] Fetching | 200 | downloading | scanning | none
[4771/7000 4.33%] Fetching | 200 | downloading | scanning | Invalid PDF structure
[4772/7000 4.38%] Fetching | 200 | downloading | scanning | none
[4773/7000 4.42%] Fetching | 200 | downloading | scanning | none
[4774/7000 4.46%] Fetching | 200 | downloading | scanning | none
[4775/7000 4.51%] Fetching | 200 | downloading | scanning | Invalid PDF structure
[4776/7000 4.55%] Fetching | 200 | downloading | scanning | Invalid PDF structure
[4777/7000 4.59%] Fetching | 200 | downloading | scanning | Invalid PDF structure
[4778/7000 4.64%] Fetching | 200 | downloading | scanning | Invalid PDF structure
[4779/7000 4.68%] Fetching | 200 | downloading | scanning | none
[4780/7000 4.72%] Fetching | 200 | downloading | scanning | Invalid PDF structure
[4781/7000 4.76%] Fetching | 200 | downloading | scanning | none
[4782/7000 4.81%] Fetching | 200 | downloading | scanning | none
[4783/7000 4.85%] Fetching | 200 | downloading | scanning | none
[4784/7000 4.89%] Fetching | 200 | downloading | scanning | none
[4785/7000 4.94%] Fetching | 200 | downloading | scanning | none
[4786/7000 4.98%] Fetching | 200 | downloading | scanning | found 2020/2022
[!!!] 4786 FOUND 2020/2022!!!
[4787/7000 5.02%] Fetching | 200 | downloading | scanning | Invalid PDF structure
[4788/7000 5.06%] Fetching | 200 | downloading | scanning | Invalid PDF structure
[4789/7000 5.11%] Fetching | 200 | downloading | scanning | Invalid PDF structure
[4790/7000 5.15%] Fetching | 200 | downloading | scanning | none
[4791/7000 5.19%] Fetching | 200 | downloading | scanning | none
[4792/7000 5.24%] Fetching | 200 | downloading | scanning | Invalid PDF structure
[4793/7000 5.28%] Fetching | 200 | downloading | scanning | none
[4794/7000 5.32%] Fetching | 200 | downloading | scanning | none
[4795/7000 5.36%] Fetching | 200 | downloading | scanning | none
[4796/7000 5.41%] Fetching | 200 | downloading | scanning | none
[4797/7000 5.45%] Fetching | 200 | downloading | scanning | none
[4798/7000 5.49%] Fetching | 200 | downloading | scanning | none
[4799/7000 5.54%] Fetching | 200 | downloading | scanning | Invalid PDF structure
[4800/7000 5.58%] Fetching | 403 | Error: File is protected | status: 403 | error: 2190
[4801/7000 5.62%] Fetching | 200 | downloading | scanning | Invalid PDF structure
[4802/7000 5.67%] Fetching | 200 | downloading | scanning | none
[4803/7000 5.71%] Fetching | 200 | downloading | scanning | none
[4804/7000 5.75%] Fetching | 200 | downloading | scanning | Invalid PDF structure
[4805/7000 5.79%] Fetching | 200 | downloading | scanning | none
[4806/7000 5.84%] Fetching | 200 | downloading | scanning | none
[4807/7000 5.88%] Fetching | 200 | downloading | scanning | none
[4808/7000 5.92%] Fetching | 200 | downloading | scanning | none
[4809/7000 5.97%] Fetching | 200 | downloading | scanning | Invalid PDF structure
[4810/7000 6.01%] Fetching | 200 | downloading | scanning | Invalid PDF structure
[4811/7000 6.05%] Fetching | 200 | downloading | scanning | none
[4812/7000 6.09%] Fetching | 200 | downloading | scanning | none
[4813/7000 6.14%] Fetching | 200 | downloading | scanning | none
[4814/7000 6.18%] Fetching | 200 | downloading | scanning | none
[4815/7000 6.22%] Fetching | 200 | downloading | scanning | none
[4816/7000 6.27%] Fetching | 200 | downloading | scanning | none
[4817/7000 6.31%] Fetching | 404 | skipping
[4818/7000 6.35%] Fetching | 200 | downloading | scanning | none
[4819/7000 6.39%] Fetching | 200 | downloading | scanning | none
[4820/7000 6.44%] Fetching | 403 | Error: File is protected | status: 403 | error: 2190
[4821/7000 6.48%] Fetching | 403 | Error: File is protected | status: 403 | error: 2190
[4822/7000 6.52%] Fetching | 403 | Error: File is protected | status: 403 | error: 2190
[4823/7000 6.57%] Fetching | 200 | downloading | scanning | none
[4824/7000 6.61%] Fetching | 200 | downloading | scanning | none
[4825/7000 6.65%] Fetching | 200 | downloading | scanning | none
[4826/7000 6.70%] Fetching | 200 | downloading | scanning | Invalid PDF structure
[4827/7000 6.74%] Fetching | 403 | Error: File is protected | status: 403 | error: 2190
[4828/7000 6.78%] Fetching | 403 | Error: File is protected | status: 403 | error: 2190
[4829/7000 6.82%] Fetching | 404 | skipping
[4830/7000 6.87%] Fetching | 200 | downloading | scanning | Invalid PDF structure
[4831/7000 6.91%] Fetching | 200 | downloading | scanning | none
[4832/7000 6.95%] Fetching | 200 | downloading | scanning | none
[4833/7000 7.00%] Fetching | 200 | downloading | scanning | none
[4834/7000 7.04%] Fetching | 200 | downloading | scanning | none
[4835/7000 7.08%] Fetching | 403 | Error: File is protected | status: 403 | error: 2190
[4836/7000 7.12%] Fetching | 200 | downloading | scanning | none
[4837/7000 7.17%] Fetching | 200 | downloading | scanning | Invalid PDF structure
[4838/7000 7.21%] Fetching | 200 | downloading | scanning | Invalid PDF structure
[4839/7000 7.25%] Fetching | 200 | downloading | scanning | none
[4840/7000 7.30%] Fetching | 200 | downloading | scanning | none
[4841/7000 7.34%] Fetching | 200 | downloading | scanning | none
[4842/7000 7.38%] Fetching | 200 | downloading | scanning | none
[4843/7000 7.42%] Fetching | 200 | downloading | scanning | none
[4844/7000 7.47%] Fetching | 200 | downloading | scanning | none
[4845/7000 7.51%] Fetching | 403 | Error: File is protected | status: 403 | error: 2190
[4846/7000 7.55%] Fetching | 200 | downloading | scanning | Invalid PDF structure
[4847/7000 7.60%] Fetching | 200 | downloading | scanning | none
[4848/7000 7.64%] Fetching | 200 | downloading | scanning | none
[4849/7000 7.68%] Fetching | 200 | downloading | scanning | none
[4850/7000 7.73%] Fetching | 200 | downloading | scanning | Invalid PDF structure
[4851/7000 7.77%] Fetching | 200 | downloading | scanning | none
[4852/7000 7.81%] Fetching | 200 | downloading | scanning | test 2021
[4853/7000 7.85%] Fetching | 200 | downloading | scanning | none
[4854/7000 7.90%] Fetching | 404 | skipping
[4855/7000 7.94%] Fetching | 200 | downloading | scanning | Invalid PDF structure
[4856/7000 7.98%] Fetching | 200 | downloading | scanning | Invalid PDF structure
[4857/7000 8.03%] Fetching | 200 | downloading | scanning | Invalid PDF structure
[4858/7000 8.07%] Fetching | 200 | downloading | scanning | none
[4859/7000 8.11%] Fetching | 200 | downloading | scanning | none
[4860/7000 8.15%] Fetching | 200 | downloading | scanning | none
[4861/7000 8.20%] Fetching | 200 | downloading | scanning | none
[4862/7000 8.24%] Fetching | 200 | downloading | scanning | none
[4863/7000 8.28%] Fetching | 200 | downloading | scanning | none
[4864/7000 8.33%] Fetching | 200 | downloading | scanning | none
[4865/7000 8.37%] Fetching | 200 | downloading | scanning | none
[4866/7000 8.41%] Fetching | 200 | downloading | scanning | Invalid PDF structure
[4867/7000 8.45%] Fetching | 200 | downloading | scanning | none
[4868/7000 8.50%] Fetching | 404 | skipping
[4869/7000 8.54%] Fetching | 200 | downloading | scanning | none
[4870/7000 8.58%] Fetching | 200 | downloading | scanning | none
[4871/7000 8.63%] Fetching | 404 | skipping
[4872/7000 8.67%] Fetching | 200 | downloading | scanning | none
[4873/7000 8.71%] Fetching | 200 | downloading | scanning | test 2607
[4874/7000 8.76%] Fetching | 200 | downloading | scanning | test 2012
[4875/7000 8.80%] Fetching | 200 | downloading | scanning | test 2016
[4876/7000 8.84%] Fetching | 200 | downloading | scanning | test 2015
[4877/7000 8.88%] Fetching | 200 | downloading | scanning | test 2013
[4878/7000 8.93%] Fetching | 200 | downloading | scanning | none
[4879/7000 8.97%] Fetching | 403 | Error: File is protected | status: 403 | error: 2190

